# Logfile created on 2024-11-07 01:41:28 +0200 by logger.rb/v1.6.1
I, [2024-11-07T01:41:28.882601 #32200]  INFO -- : File processed: example_file.txt
I, [2024-11-07T01:44:19.692919 #33041]  INFO -- : File processed: test.file
I, [2024-11-08T01:11:22.392396 #16042]  INFO -- : File processed: Created new Song: Назва
I, [2024-11-08T01:11:52.266181 #16101]  INFO -- : File processed: Created new Song: Назва
I, [2024-11-08T01:11:52.266312 #16101]  INFO -- : File processed: Song updated: Нова назва
I, [2024-11-08T01:12:45.529742 #16216]  INFO -- : File processed: Created new Song: Назва
I, [2024-11-08T01:12:45.529862 #16216]  INFO -- : File processed: Song updated: Нова назва
I, [2024-11-08T01:12:46.411197 #16216]  INFO -- : File processed: Created new Song: consequatur
I, [2024-11-08T01:12:46.411262 #16216]  INFO -- : File processed: Created face Song: consequatur
I, [2024-11-08T01:13:15.764527 #16292]  INFO -- : File processed: Created new Song: Назва
I, [2024-11-08T01:13:15.764653 #16292]  INFO -- : File processed: Song updated: Нова назва
I, [2024-11-08T01:13:16.644929 #16292]  INFO -- : File processed: Created new Song: quod
I, [2024-11-08T01:13:16.644991 #16292]  INFO -- : File processed: Created face Song: quod
I, [2024-11-10T18:38:09.077559 #18104]  INFO -- : File processed: Saved items to items
I, [2024-11-10T18:42:47.889920 #18472]  INFO -- : File processed: Saved items to items
I, [2024-11-10T18:44:17.547298 #18580]  INFO -- : File processed: Saved items to items
I, [2024-11-10T18:44:17.547401 #18580]  INFO -- : File processed: Saved items to items in JSON format
I, [2024-11-10T18:44:17.547596 #18580]  INFO -- : File processed: Saved items to items in CSV format
I, [2024-11-10T18:44:17.547851 #18580]  INFO -- : File processed: Saved item #0 in YAML format
I, [2024-11-10T18:44:17.547967 #18580]  INFO -- : File processed: Saved item #1 in YAML format
I, [2024-11-10T18:44:17.548057 #18580]  INFO -- : File processed: Saved item #2 in YAML format
I, [2024-11-10T18:44:17.548146 #18580]  INFO -- : File processed: Saved item #3 in YAML format
I, [2024-11-10T18:44:17.548253 #18580]  INFO -- : File processed: Saved item #4 in YAML format
